<?xml version="1.0" encoding="UTF-8"?>
<testng-results skipped="0" failed="0" ignored="0" total="1" passed="1">
  <reporter-output>
  </reporter-output>
  <suite name="Default suite" duration-ms="33105" started-at="2019-04-11T14:36:37Z" finished-at="2019-04-11T14:37:11Z">
    <groups>
    </groups>
    <test name="Default test" duration-ms="33105" started-at="2019-04-11T14:36:37Z" finished-at="2019-04-11T14:37:11Z">
      <class name="com.qa.test.HomePageTest">
        <test-method status="PASS" signature="intitialize()[pri:0, instance:com.qa.test.HomePageTest@c8c12ac]" name="intitialize" is-config="true" duration-ms="2058" started-at="2019-04-11T14:36:35Z" finished-at="2019-04-11T14:36:37Z">
          <reporter-output>
          </reporter-output>
        </test-method> <!-- intitialize -->
        <test-method status="PASS" signature="setUp()[pri:0, instance:com.qa.test.HomePageTest@c8c12ac]" name="setUp" is-config="true" duration-ms="21228" started-at="2019-04-11T14:36:37Z" finished-at="2019-04-11T14:36:59Z">
          <reporter-output>
          </reporter-output>
        </test-method> <!-- setUp -->
        <test-method status="PASS" signature="propertySearchTest()[pri:0, instance:com.qa.test.HomePageTest@c8c12ac]" name="propertySearchTest" duration-ms="11222" started-at="2019-04-11T14:36:59Z" finished-at="2019-04-11T14:37:10Z">
          <reporter-output>
          </reporter-output>
        </test-method> <!-- propertySearchTest -->
        <test-method status="PASS" signature="tearDown()[pri:0, instance:com.qa.test.HomePageTest@c8c12ac]" name="tearDown" is-config="true" duration-ms="631" started-at="2019-04-11T14:37:10Z" finished-at="2019-04-11T14:37:11Z">
          <reporter-output>
          </reporter-output>
        </test-method> <!-- tearDown -->
      </class> <!-- com.qa.test.HomePageTest -->
    </test> <!-- Default test -->
  </suite> <!-- Default suite -->
</testng-results>
